<?xml version="1.0" encoding="UTF-8"?>
<!-- Generated by org.testng.reporters.JUnitXMLReporter -->
<testsuite ignored="0" hostname="DESKTOP-C6Q6LLQ" failures="0" tests="3" name="Default test" time="5.342" errors="0" timestamp="20 Jun 2024 04:52:01 GMT">
  <testcase classname="demoPOCTestCases.RegisterMemberLoginAndUpdate" name="TC_01ValidateTheUserEnterAllMandatoryField" time="3.511"/>
  <testcase classname="demoPOCTestCases.RegisterMemberLoginAndUpdate" name="TC_02ValidateTheUserLoginWithValidCreds" time="0.697"/>
  <testcase classname="demoPOCTestCases.RegisterMemberLoginAndUpdate" name="TC_03ValidateTheUserUpdateTheCreads" time="0.82"/>
</testsuite> <!-- Default test -->
