<?xml version="1.0" encoding="UTF-8"?>
<!-- Generated by org.testng.reporters.JUnitXMLReporter -->
<testsuite ignored="0" hostname="LAPTOP-7QMHQHFJ" failures="0" tests="3" name="Test" time="15.861" errors="0" timestamp="24 Jun 2024 07:59:59 GMT">
  <testcase classname="demoPOCTestCases.RegisterMemberLoginAndUpdate" name="TC_01ValidateTheUserEnterAllMandatoryField" time="13.529"/>
  <testcase classname="demoPOCTestCases.RegisterMemberLoginAndUpdate" name="TC_02ValidateTheUserLoginWithValidCreds" time="0.739"/>
  <testcase classname="demoPOCTestCases.RegisterMemberLoginAndUpdate" name="TC_03ValidateTheUserUpdateTheCreads" time="0.675"/>
</testsuite> <!-- Test -->
